<?xml version="1.0" encoding="UTF-8"?>
<!-- Generated by org.testng.reporters.JUnitReportReporter -->
<testsuite skipped="0" hostname="DESKTOP-8AVMNBI" name="com.durgasoft.excel.ReadDataFromExcelFile" tests="1" failures="0" timestamp="2021-01-13T08:34:16 IST" time="2.181" errors="0">
  <testcase name="f" time="2.181" classname="com.durgasoft.excel.ReadDataFromExcelFile"/>
  <system-out/>
</testsuite> <!-- com.durgasoft.excel.ReadDataFromExcelFile -->
