<?xml version="1.0" encoding="UTF-8"?>
<!-- Generated by org.testng.reporters.JUnitReportReporter -->
<testsuite skipped="0" hostname="DESKTOP-8AVMNBI" name="com.durgasoft.testNG.JqueryDropdown" tests="1" failures="0" timestamp="2020-12-30T08:51:36 IST" time="15.692" errors="0">
  <testcase name="f" time="15.692" classname="com.durgasoft.testNG.JqueryDropdown"/>
  <system-out/>
</testsuite> <!-- com.durgasoft.testNG.JqueryDropdown -->
