<?xml version="1.0" encoding="UTF-8"?>
<!-- Generated by org.testng.reporters.JUnitReportReporter -->
<testsuite skipped="0" hostname="DESKTOP-8AVMNBI" name="com.durgasoft.testNG.Echo_CheckBox_Prop" tests="1" failures="0" timestamp="2020-12-31T08:31:26 IST" time="1.212" errors="0">
  <testcase name="f" time="1.212" classname="com.durgasoft.testNG.Echo_CheckBox_Prop"/>
  <system-out/>
</testsuite> <!-- com.durgasoft.testNG.Echo_CheckBox_Prop -->
