<?xml version="1.0" encoding="UTF-8"?>
<!-- Generated by org.testng.reporters.JUnitReportReporter -->
<testsuite skipped="0" hostname="DESKTOP-8AVMNBI" name="com.durgasoft.excel.WriteExcelDataByFontStyle" tests="1" failures="0" timestamp="2021-01-18T08:19:57 IST" time="2.941" errors="0">
  <testcase name="f" time="2.941" classname="com.durgasoft.excel.WriteExcelDataByFontStyle"/>
  <system-out/>
</testsuite> <!-- com.durgasoft.excel.WriteExcelDataByFontStyle -->
