<?xml version="1.0" encoding="UTF-8"?>
<!-- Generated by org.testng.reporters.JUnitReportReporter -->
<testsuite skipped="0" hostname="DESKTOP-8AVMNBI" name="com.durgasoft.excel.ReadDataFromExcelFileByColumnName" tests="1" failures="0" timestamp="2021-01-13T08:47:36 IST" time="2.380" errors="0">
  <testcase name="f" time="2.380" classname="com.durgasoft.excel.ReadDataFromExcelFileByColumnName"/>
  <system-out/>
</testsuite> <!-- com.durgasoft.excel.ReadDataFromExcelFileByColumnName -->
