<?xml version="1.0" encoding="UTF-8"?>
<!-- Generated by org.testng.reporters.JUnitReportReporter -->
<testsuite skipped="0" hostname="DESKTOP-8AVMNBI" name="com.durgasoft.testNG.RedBus_Alerts" tests="1" failures="0" timestamp="2021-01-04T08:51:56 IST" time="31.770" errors="0">
  <testcase name="f" time="31.770" classname="com.durgasoft.testNG.RedBus_Alerts"/>
  <system-out/>
</testsuite> <!-- com.durgasoft.testNG.RedBus_Alerts -->
