<?xml version="1.0" encoding="UTF-8"?>
<!-- Generated by org.testng.reporters.JUnitReportReporter -->
<testsuite skipped="0" hostname="DESKTOP-8AVMNBI" name="com.durgasoft.excel.ReadAllDataFromExcelFile" tests="1" failures="0" timestamp="2021-01-13T08:52:16 IST" time="2.223" errors="0">
  <testcase name="f" time="2.223" classname="com.durgasoft.excel.ReadAllDataFromExcelFile"/>
  <system-out/>
</testsuite> <!-- com.durgasoft.excel.ReadAllDataFromExcelFile -->
