<?xml version="1.0" encoding="UTF-8"?>
<!-- Generated by org.testng.reporters.JUnitReportReporter -->
<testsuite skipped="0" hostname="DESKTOP-8AVMNBI" name="com.durgasoft.excel.ReadDataDriverClass" tests="1" failures="0" timestamp="2021-01-18T09:00:35 IST" time="2.387" errors="0">
  <testcase name="f" time="2.387" classname="com.durgasoft.excel.ReadDataDriverClass"/>
  <system-out/>
</testsuite> <!-- com.durgasoft.excel.ReadDataDriverClass -->
