<?xml version="1.0" encoding="UTF-8"?>
<!-- Generated by org.testng.reporters.JUnitReportReporter -->
<testsuite skipped="0" hostname="DESKTOP-8AVMNBI" name="com.durgasoft.testNG.FaceBook_Login_JSE" tests="1" failures="0" timestamp="2021-01-12T08:32:09 IST" time="0.309" errors="0">
  <testcase name="f" time="0.309" classname="com.durgasoft.testNG.FaceBook_Login_JSE"/>
  <system-out/>
</testsuite> <!-- com.durgasoft.testNG.FaceBook_Login_JSE -->
