<?xml version="1.0" encoding="UTF-8"?>
<!-- Generated by org.testng.reporters.JUnitReportReporter -->
<testsuite skipped="0" hostname="DESKTOP-8AVMNBI" name="com.durgasoft.testNG.FaceBook_DD" tests="1" failures="0" timestamp="2020-12-30T08:25:22 IST" time="16.375" errors="0">
  <testcase name="f" time="16.375" classname="com.durgasoft.testNG.FaceBook_DD"/>
  <system-out/>
</testsuite> <!-- com.durgasoft.testNG.FaceBook_DD -->
