<?xml version="1.0" encoding="UTF-8"?>
<!-- Generated by org.testng.reporters.JUnitReportReporter -->
<testsuite skipped="0" hostname="DESKTOP-8AVMNBI" name="com.durgasoft.testNG.RadioButton_Properties" tests="1" failures="0" timestamp="2020-12-31T08:43:10 IST" time="0.731" errors="0">
  <testcase name="f" time="0.731" classname="com.durgasoft.testNG.RadioButton_Properties"/>
  <system-out/>
</testsuite> <!-- com.durgasoft.testNG.RadioButton_Properties -->
