<?xml version="1.0" encoding="UTF-8"?>
<!-- Generated by org.testng.reporters.JUnitReportReporter -->
<testsuite skipped="0" hostname="DESKTOP-8AVMNBI" name="com.durgasoft.testNG.UploadFile_AutoIT" tests="1" failures="0" timestamp="2021-01-05T08:49:18 IST" time="17.624" errors="0">
  <testcase name="f" time="17.624" classname="com.durgasoft.testNG.UploadFile_AutoIT"/>
  <system-out/>
</testsuite> <!-- com.durgasoft.testNG.UploadFile_AutoIT -->
