<?xml version="1.0" encoding="UTF-8"?>
<!-- Generated by org.testng.reporters.JUnitReportReporter -->
<testsuite skipped="2" hostname="DESKTOP-8AVMNBI" name="com.durgasoft.testNG.CaptureScreenshot" tests="3" failures="0" timestamp="2021-01-11T08:50:56 IST" time="1.364" errors="0">
  <testcase name="dateNtimeScreenshot" time="1.364" classname="com.durgasoft.testNG.CaptureScreenshot"/>
  <system-out/>
  <testcase name="conditionBasedScreenshot" classname="com.durgasoft.testNG.CaptureScreenshot">
    <skipped/>
  </testcase> <!-- conditionBasedScreenshot -->
  <system-out/>
  <testcase name="normalScreenshot" classname="com.durgasoft.testNG.CaptureScreenshot">
    <skipped/>
  </testcase> <!-- normalScreenshot -->
  <system-out/>
</testsuite> <!-- com.durgasoft.testNG.CaptureScreenshot -->
