<?xml version="1.0" encoding="UTF-8"?>
<!-- Generated by org.testng.reporters.JUnitReportReporter -->
<testsuite skipped="0" hostname="DESKTOP-8AVMNBI" name="com.durgasoft.testNG.TC001_HMS_Login_Logout" tests="1" failures="0" timestamp="2020-12-29T08:11:33 IST" time="16.520" errors="0">
  <testcase name="hmsLoginLogout" time="16.520" classname="com.durgasoft.testNG.TC001_HMS_Login_Logout"/>
  <system-out/>
</testsuite> <!-- com.durgasoft.testNG.TC001_HMS_Login_Logout -->
