<?xml version="1.0" encoding="UTF-8"?>
<!-- Generated by org.testng.reporters.JUnitReportReporter -->
<testsuite skipped="0" hostname="DESKTOP-8AVMNBI" name="com.durgasoft.excel.WriteExcelDataByIndex" tests="1" failures="0" timestamp="2021-01-18T08:11:46 IST" time="3.064" errors="0">
  <testcase name="f" time="3.064" classname="com.durgasoft.excel.WriteExcelDataByIndex"/>
  <system-out/>
</testsuite> <!-- com.durgasoft.excel.WriteExcelDataByIndex -->
