<?xml version="1.0" encoding="UTF-8"?>
<!-- Generated by org.testng.reporters.JUnitReportReporter -->
<testsuite skipped="0" hostname="DESKTOP-8AVMNBI" name="com.durgasoft.testNG.PrintAllRadioButtonProperties" tests="1" failures="0" timestamp="2021-01-04T08:23:15 IST" time="50.278" errors="0">
  <testcase name="f" time="50.278" classname="com.durgasoft.testNG.PrintAllRadioButtonProperties"/>
  <system-out/>
</testsuite> <!-- com.durgasoft.testNG.PrintAllRadioButtonProperties -->
