<?xml version="1.0" encoding="UTF-8"?>
<!-- Generated by org.testng.reporters.JUnitReportReporter -->
<testsuite skipped="0" hostname="DESKTOP-8AVMNBI" name="com.durgasoft.testNG.BBC_DynamicLinks" tests="1" failures="0" timestamp="2020-12-29T08:47:28 IST" time="288.149" errors="0">
  <testcase name="f" time="288.149" classname="com.durgasoft.testNG.BBC_DynamicLinks"/>
  <system-out/>
</testsuite> <!-- com.durgasoft.testNG.BBC_DynamicLinks -->
