<?xml version="1.0" encoding="UTF-8"?>
<!-- Generated by org.testng.reporters.JUnitReportReporter -->
<testsuite skipped="0" hostname="DESKTOP-8AVMNBI" name="com.durgasoft.testNG.HMS_Login_Excel_API" tests="1" failures="0" timestamp="2021-01-19T08:15:36 IST" time="7.733" errors="0">
  <testcase name="f" time="7.733" classname="com.durgasoft.testNG.HMS_Login_Excel_API"/>
  <system-out/>
</testsuite> <!-- com.durgasoft.testNG.HMS_Login_Excel_API -->
